<?xml version="1.0" encoding="UTF-8"?>
<testng-results skipped="0" failed="0" total="1" passed="1">
  <reporter-output>
  </reporter-output>
  <suite name="Raisin QA Test" duration-ms="94738" started-at="2019-02-24T17:18:16Z" finished-at="2019-02-24T17:19:51Z">
    <groups>
      <group name="cucumber">
        <method signature="TestRunner.feature(cucumber.api.testng.CucumberFeatureWrapper)[pri:0, instance:MyRunner.TestRunner@5025a98f]" name="feature" class="MyRunner.TestRunner"/>
      </group> <!-- cucumber -->
    </groups>
    <test name="FREE CRM Test" duration-ms="94738" started-at="2019-02-24T17:18:16Z" finished-at="2019-02-24T17:19:51Z">
      <class name="MyRunner.TestRunner">
        <test-method status="PASS" signature="setUpClass(java.lang.String)[pri:0, instance:MyRunner.TestRunner@5025a98f]" name="setUpClass" is-config="true" duration-ms="272" started-at="2019-02-24T13:18:16Z" finished-at="2019-02-24T13:18:17Z">
          <params>
            <param index="0">
              <value>
                <![CDATA[chrome]]>
              </value>
            </param>
          </params>
          <reporter-output>
          </reporter-output>
        </test-method> <!-- setUpClass -->
        <test-method status="PASS" signature="feature(cucumber.api.testng.CucumberFeatureWrapper)[pri:0, instance:MyRunner.TestRunner@5025a98f]" name="feature" duration-ms="94350" started-at="2019-02-24T13:18:17Z" description="Runs Cucumber Feature" data-provider="features" finished-at="2019-02-24T13:19:51Z">
          <params>
            <param index="0">
              <value>
                <![CDATA[Free CRM Login Feature]]>
              </value>
            </param>
          </params>
          <reporter-output>
          </reporter-output>
        </test-method> <!-- feature -->
        <test-method status="PASS" signature="tearDownClass()[pri:0, instance:MyRunner.TestRunner@5025a98f]" name="tearDownClass" is-config="true" duration-ms="17" started-at="2019-02-24T13:19:51Z" finished-at="2019-02-24T13:19:51Z">
          <reporter-output>
          </reporter-output>
        </test-method> <!-- tearDownClass -->
      </class> <!-- MyRunner.TestRunner -->
    </test> <!-- FREE CRM Test -->
  </suite> <!-- Raisin QA Test -->
</testng-results>
