<?xml version="1.0" encoding="UTF-8"?>
<!-- Generated by org.testng.reporters.JUnitXMLReporter -->
<testsuite hostname="QINDW143" ignored="0" name="FREE CRM Test" tests="1" failures="1" timestamp="21 Feb 2019 23:14:23 GMT" time="23.394" errors="0">
  <testcase name="feature" time="22.995" classname="MyRunner.TestRunner">
    <failure type="cucumber.runtime.CucumberException" message="java.lang.AssertionError: expected [Free CRM software in the cloud for sales and service] but found [Free CRM in the cloud software boosts sales]">
      <![CDATA[cucumber.runtime.CucumberException: java.lang.AssertionError: expected [Free CRM software in the cloud for sales and service] but found [Free CRM in the cloud software boosts sales]
at cucumber.api.testng.TestNGCucumberRunner.runCucumber(TestNGCucumberRunner.java:69)
at MyRunner.TestRunner.feature(TestRunner.java:37)
at java.util.concurrent.FutureTask.run(Unknown Source)
at java.util.concurrent.ThreadPoolExecutor.runWorker(Unknown Source)
at java.util.concurrent.ThreadPoolExecutor$Worker.run(Unknown Source)
at java.lang.Thread.run(Unknown Source)
Caused by: java.lang.AssertionError: expected [Free CRM software in the cloud for sales and service] but found [Free CRM in the cloud software boosts sales]
at stepDefinitions.LoginStepDefinition.title_of_login_page_is_free_CRM(LoginStepDefinition.java:33)
at ✽.When title of login page is Free CRM(Login.feature:6)
... Removed 22 stack frames]]>
    </failure>
  </testcase> <!-- feature -->
</testsuite> <!-- FREE CRM Test -->
